<?xml version="1.0" encoding="UTF-8"?>
<!-- Generated by org.testng.reporters.JUnitReportReporter -->
<testsuite hostname="APL-543L4612469" failures="0" tests="1" name="com.Wipro.Locators.Test_Scenario_02" time="9.294" errors="0" timestamp="2023-05-18T12:38:35 IST" skipped="0">
  <testcase classname="com.Wipro.Locators.Test_Scenario_02" name="TestNameDemo1" time="9.294"/>
  <system-out/>
</testsuite> <!-- com.Wipro.Locators.Test_Scenario_02 -->
