<?xml version="1.0" encoding="UTF-8"?>
<!-- Generated by org.testng.reporters.JUnitReportReporter -->
<testsuite hostname="APL-543L4612469" failures="0" tests="1" name="com.Wipro.Locators.TestScenario_02EdgeBrowser" time="9.563" errors="0" timestamp="2023-05-18T11:52:45 IST" skipped="0">
  <testcase classname="com.Wipro.Locators.TestScenario_02EdgeBrowser" name="TestNameDemo" time="9.563"/>
  <system-out/>
</testsuite> <!-- com.Wipro.Locators.TestScenario_02EdgeBrowser -->
