<?xml version="1.0" encoding="UTF-8"?>
<!-- Generated by org.testng.reporters.JUnitReportReporter -->
<testsuite hostname="APL-543L4612469" failures="0" tests="1" name="com.Wipro.Locators.TestScenario_01" time="6.610" errors="0" timestamp="2023-05-18T11:53:13 IST" skipped="0">
  <testcase classname="com.Wipro.Locators.TestScenario_01" name="TestNameDemo" time="6.610"/>
  <system-out/>
</testsuite> <!-- com.Wipro.Locators.TestScenario_01 -->
