<?xml version="1.0" encoding="UTF-8"?>
<!-- Generated by org.testng.reporters.JUnitReportReporter -->
<testsuite hostname="APL-543L4612469" failures="0" tests="1" name="com.Wipro.Locators.DemoID" time="5.437" errors="0" timestamp="2023-05-18T10:19:06 IST" skipped="0">
  <testcase classname="com.Wipro.Locators.DemoID" name="TestNameDemo" time="5.437"/>
  <system-out/>
</testsuite> <!-- com.Wipro.Locators.DemoID -->
